<?xml version="1.0" encoding="UTF-8"?>
<testsuite xmlns:xsi="http://www.w3.org/2001/XMLSchema-instance" xsi:noNamespaceSchemaLocation="https://maven.apache.org/surefire/maven-surefire-plugin/xsd/surefire-test-report-3.0.xsd" version="3.0" name="com.example.tasks.TaskControllerTest" time="4.172" tests="5" errors="0" skipped="0" failures="0">
  <properties>
[...]
</properties>
  <testcase name="createTask_validation" classname="com.example.tasks.TaskControllerTest" time="0.385">
    <system-out><![CDATA[15:47:44.664 [main] INFO org.springframework.test.context.support.AnnotationConfigContextLoaderUtils -- Could not detect default configuration classes for test class [com.example.tasks.TaskControllerTest]: TaskControllerTest does not declare any static, non-private, non-final, nested classes annotated with @Configuration.
15:47:44.926 [main] INFO org.springframework.boot.test.context.SpringBootTestContextBootstrapper -- Found @SpringBootConfiguration com.example.tasks.TasksApplication for test class com.example.tasks.TaskControllerTest

  .   ____          _            __ _ _
 /\\ / ___'_ __ _ _(_)_ __  __ _ \ \ \ \
( ( )\___ | '_ | '_| | '_ \/ _` | \ \ \ \
 \\/  ___)| |_)| | | | | || (_| |  ) ) ) )
  '  |____| .__|_| |_|_| |_\__, | / / / /
 =========|_|==============|___/=/_/_/_/

 :: Spring Boot ::                (v3.3.2)

2025-08-28T15:47:45.763+05:30  INFO 7548 --- [           main] com.example.tasks.TaskControllerTest     : Starting TaskControllerTest using Java 24.0.2 with PID 7548 (started by phani in C:\Users\phani\Downloads\springboot-task-junit-fixed)
2025-08-28T15:47:45.765+05:30  INFO 7548 --- [           main] com.example.tasks.TaskControllerTest     : No active profile set, falling back to 1 default profile: "default"
2025-08-28T15:47:48.094+05:30  INFO 7548 --- [           main] o.s.b.t.m.w.SpringBootMockServletContext : Initializing Spring TestDispatcherServlet ''
2025-08-28T15:47:48.095+05:30  INFO 7548 --- [           main] o.s.t.web.servlet.TestDispatcherServlet  : Initializing Servlet ''
2025-08-28T15:47:48.097+05:30  INFO 7548 --- [           main] o.s.t.web.servlet.TestDispatcherServlet  : Completed initialization in 2 ms
2025-08-28T15:47:48.128+05:30  INFO 7548 --- [           main] com.example.tasks.TaskControllerTest     : Started TaskControllerTest in 3.042 seconds (process running for 4.434)
]]></system-out>
    <system-err><![CDATA[WARNING: A Java agent has been loaded dynamically (C:\Users\phani\.m2\repository\net\bytebuddy\byte-buddy-agent\1.14.18\byte-buddy-agent-1.14.18.jar)
WARNING: If a serviceability tool is in use, please run with -XX:+EnableDynamicAgentLoading to hide this warning
WARNING: If a serviceability tool is not in use, please run with -Djdk.instrument.traceUsage for more information
WARNING: Dynamic loading of agents will be disallowed by default in a future release
]]></system-err>
  </testcase>
  <testcase name="getAllTasks" classname="com.example.tasks.TaskControllerTest" time="0.05"/>
  <testcase name="getById_missing" classname="com.example.tasks.TaskControllerTest" time="0.008"/>
  <testcase name="createTask" classname="com.example.tasks.TaskControllerTest" time="0.008"/>
  <testcase name="getById_found" classname="com.example.tasks.TaskControllerTest" time="0.005"/>
</testsuite>